<?xml version="1.0" encoding="UTF-8"?>
<testng-results ignored="0" total="1" passed="1" failed="0" skipped="0">
  <reporter-output>
  </reporter-output>
  <suite started-at="2021-06-21T19:14:30 IST" name="Default suite" finished-at="2021-06-21T19:14:37 IST" duration-ms="7385">
    <groups>
    </groups>
    <test started-at="2021-06-21T19:14:30 IST" name="Default test" finished-at="2021-06-21T19:14:37 IST" duration-ms="7385">
      <class name="Test1.TestCase">
        <test-method signature="TC1()[pri:0, instance:Test1.TestCase@4387b79e]" started-at="2021-06-21T19:14:30 IST" name="TC1" finished-at="2021-06-21T19:14:37 IST" duration-ms="7335" status="PASS">
          <reporter-output>
          </reporter-output>
        </test-method> <!-- TC1 -->
      </class> <!-- Test1.TestCase -->
    </test> <!-- Default test -->
  </suite> <!-- Default suite -->
</testng-results>
